<?xml version="1.0" encoding="UTF-8"?>
<!-- Generated by org.testng.reporters.JUnitReportReporter -->
<testsuite hostname="LAPTOP-H905KJV3" failures="0" tests="1" name="tests.login.LoginTests" time="0.596" errors="0" timestamp="2024-12-22T11:18:17 IST" skipped="0">
  <testcase classname="tests.login.LoginTests" name="testLoginErrorMessage" time="0.596"/>
</testsuite> <!-- tests.login.LoginTests -->
